[pixivbiu] æ£€æµ‹ç½‘ç»œçŠ¶æ€...
[pixivbiu] æ— æ³•è®¿é—® pixivï¼Œå¯ç”¨ byPassSni api
[pixivbiu] è¯»å– token æˆåŠŸ
[pixivbiu] byPassSni api ç™»å½•æˆåŠŸ
[pixivbiu] åˆå§‹åŒ–å®Œæˆ
------------
[1;37;40m PixivBiu [0m
-
è¿è¡Œ: [32mhttp://0.0.0.0:80/[0m (å°†åœ°å€è¾“å…¥ç°ä»£æµè§ˆå™¨å³å¯ä½¿ç”¨)
ç‰ˆæœ¬: 200008 (æœ€æ–°)
API ç±»å‹: byPassSni
å›¾ç‰‡æœåŠ¡å™¨: https://i.pixiv.cat/
ä¸‹è½½ä¿å­˜è·¯å¾„: ç¨‹åºç›®å½•/downloads/{KT}/
-
[1;37;40m Biu [0m
------------
 * Serving Flask app "run" (lazy loading)
 * Environment: production
   WARNING: This is a development server. Do not use it in a production deployment.
   Use a production WSGI server instead.
 * Debug mode: off
